探测结果文件：new_201611261042.txt
程序开始运行时间:2016-11-26 10:42:13.293717
程序结束运行时间:2016-11-26 10:42:42.547701
程序运行时间(seconds)：29
程序运行时间(minutes)：0.48
------------------------------------------------------------------------------------------------
探测结果文件：new_201611261047.txt
程序开始运行时间:2016-11-26 10:47:42.612975
程序结束运行时间:2016-11-26 10:48:02.332875
程序运行时间(seconds)：19
程序运行时间(minutes)：0.32
------------------------------------------------------------------------------------------------
探测结果文件：new_201611261053.txt
程序开始运行时间:2016-11-26 10:53:02.360771
程序结束运行时间:2016-11-26 10:53:22.201272
程序运行时间(seconds)：19
程序运行时间(minutes)：0.32
------------------------------------------------------------------------------------------------
探测结果文件：new_201611261058.txt
程序开始运行时间:2016-11-26 10:58:22.226506
程序结束运行时间:2016-11-26 10:58:40.407552
程序运行时间(seconds)：18
程序运行时间(minutes)：0.3
------------------------------------------------------------------------------------------------
探测结果文件：new_201611261103.txt
程序开始运行时间:2016-11-26 11:03:40.432398
程序结束运行时间:2016-11-26 11:03:59.137720
程序运行时间(seconds)：18
程序运行时间(minutes)：0.3
------------------------------------------------------------------------------------------------
探测结果文件：root_201611261107.txt
Sent package num :5000
共探测IP数量：5000000
共得到DNS数量：1192
程序开始运行时间:2016-11-26 11:07:20.275086
程序结束运行时间:2016-11-26 11:07:22.486562
程序运行时间(seconds)：2
程序运行时间(minutes)：0.03
------------------------------------------------------------------------------------------------
探测结果文件：root_201611261108.txt
Sent package num :400
共探测IP数量：5000000
共得到DNS数量：2435
程序开始运行时间:2016-11-26 11:08:03.786770
程序结束运行时间:2016-11-26 11:08:19.959541
程序运行时间(seconds)：16
程序运行时间(minutes)：0.27
------------------------------------------------------------------------------------------------
探测结果文件：new_201611261108.txt
程序开始运行时间:2016-11-26 11:08:59.162412
程序结束运行时间:2016-11-26 11:09:17.588515
程序运行时间(seconds)：18
程序运行时间(minutes)：0.3
------------------------------------------------------------------------------------------------
探测结果文件：root_201611261109.txt
Sent package num :300
共探测IP数量：5000000
共得到DNS数量：3176
程序开始运行时间:2016-11-26 11:09:44.452671
程序结束运行时间:2016-11-26 11:10:05.205057
程序运行时间(seconds)：20
程序运行时间(minutes)：0.33
------------------------------------------------------------------------------------------------
探测结果文件：root_201611261111.txt
Sent package num :100
共探测IP数量：5000000
共得到DNS数量：3000
程序开始运行时间:2016-11-26 11:11:02.876753
程序结束运行时间:2016-11-26 11:11:59.371898
程序运行时间(seconds)：56
程序运行时间(minutes)：0.93
------------------------------------------------------------------------------------------------
探测结果文件：root_201611261112.txt
Sent package num :400
共探测IP数量：5000000
共得到DNS数量：2824
程序开始运行时间:2016-11-26 11:12:20.646161
程序结束运行时间:2016-11-26 11:12:36.931268
程序运行时间(seconds)：16
程序运行时间(minutes)：0.27
------------------------------------------------------------------------------------------------
探测结果文件：root_201611261113.txt
Sent package num :300
共探测IP数量：5000000
共得到DNS数量：3015
程序开始运行时间:2016-11-26 11:13:05.811336
程序结束运行时间:2016-11-26 11:13:26.344404
程序运行时间(seconds)：20
程序运行时间(minutes)：0.33
------------------------------------------------------------------------------------------------
探测结果文件：root_201611261113.txt
Sent package num :350
共探测IP数量：5000000
共得到DNS数量：6253
程序开始运行时间:2016-11-26 11:13:55.218840
程序结束运行时间:2016-11-26 11:14:12.701328
程序运行时间(seconds)：17
程序运行时间(minutes)：0.28
------------------------------------------------------------------------------------------------
探测结果文件：new_201611261114.txt
程序开始运行时间:2016-11-26 11:14:17.616970
程序结束运行时间:2016-11-26 11:14:36.445090
程序运行时间(seconds)：18
程序运行时间(minutes)：0.3
------------------------------------------------------------------------------------------------
探测结果文件：new_201611261119.txt
程序开始运行时间:2016-11-26 11:19:36.471667
程序结束运行时间:2016-11-26 11:19:54.635216
程序运行时间(seconds)：18
程序运行时间(minutes)：0.3
------------------------------------------------------------------------------------------------
探测结果文件：new_201611261124.txt
程序开始运行时间:2016-11-26 11:24:54.661517
程序结束运行时间:2016-11-26 11:25:14.505637
程序运行时间(seconds)：19
程序运行时间(minutes)：0.32
------------------------------------------------------------------------------------------------
探测结果文件：new_201611261130.txt
程序开始运行时间:2016-11-26 11:30:14.531054
程序结束运行时间:2016-11-26 11:30:34.618222
程序运行时间(seconds)：20
程序运行时间(minutes)：0.33
------------------------------------------------------------------------------------------------
探测结果文件：new_201611261135.txt
程序开始运行时间:2016-11-26 11:35:34.649839
程序结束运行时间:2016-11-26 11:35:54.366102
程序运行时间(seconds)：19
程序运行时间(minutes)：0.32
------------------------------------------------------------------------------------------------
探测结果文件：new_201611261140.txt
程序开始运行时间:2016-11-26 11:40:54.391373
程序结束运行时间:2016-11-26 11:41:12.833658
程序运行时间(seconds)：18
程序运行时间(minutes)：0.3
------------------------------------------------------------------------------------------------
探测结果文件：new_201611261146.txt
程序开始运行时间:2016-11-26 11:46:12.859553
程序结束运行时间:2016-11-26 11:46:31.068511
程序运行时间(seconds)：18
程序运行时间(minutes)：0.3
------------------------------------------------------------------------------------------------
探测结果文件：new_201611261151.txt
程序开始运行时间:2016-11-26 11:51:31.094469
程序结束运行时间:2016-11-26 11:51:50.535609
程序运行时间(seconds)：19
程序运行时间(minutes)：0.32
------------------------------------------------------------------------------------------------
探测结果文件：new_201611261156.txt
程序开始运行时间:2016-11-26 11:56:50.561146
程序结束运行时间:2016-11-26 11:57:09.382757
程序运行时间(seconds)：18
程序运行时间(minutes)：0.3
------------------------------------------------------------------------------------------------
探测结果文件：new_201611261202.txt
程序开始运行时间:2016-11-26 12:02:09.410746
程序结束运行时间:2016-11-26 12:02:27.701034
程序运行时间(seconds)：18
程序运行时间(minutes)：0.3
------------------------------------------------------------------------------------------------
探测结果文件：new_201611261207.txt
程序开始运行时间:2016-11-26 12:07:27.726157
程序结束运行时间:2016-11-26 12:07:47.091305
程序运行时间(seconds)：19
程序运行时间(minutes)：0.32
------------------------------------------------------------------------------------------------
探测结果文件：new_201611261212.txt
程序开始运行时间:2016-11-26 12:12:47.117423
程序结束运行时间:2016-11-26 12:13:07.296602
程序运行时间(seconds)：20
程序运行时间(minutes)：0.33
------------------------------------------------------------------------------------------------
探测结果文件：new_201611261218.txt
程序开始运行时间:2016-11-26 12:18:07.321597
程序结束运行时间:2016-11-26 12:18:28.820741
程序运行时间(seconds)：21
程序运行时间(minutes)：0.35
------------------------------------------------------------------------------------------------
探测结果文件：new_201611261223.txt
程序开始运行时间:2016-11-26 12:23:28.847245
程序结束运行时间:2016-11-26 12:23:48.910017
程序运行时间(seconds)：20
程序运行时间(minutes)：0.33
------------------------------------------------------------------------------------------------
探测结果文件：new_201611261228.txt
程序开始运行时间:2016-11-26 12:28:48.935380
程序结束运行时间:2016-11-26 12:29:07.370773
程序运行时间(seconds)：18
程序运行时间(minutes)：0.3
------------------------------------------------------------------------------------------------
探测结果文件：new_201611261234.txt
程序开始运行时间:2016-11-26 12:34:07.396957
程序结束运行时间:2016-11-26 12:34:25.773695
程序运行时间(seconds)：18
程序运行时间(minutes)：0.3
------------------------------------------------------------------------------------------------
探测结果文件：new_201611261239.txt
程序开始运行时间:2016-11-26 12:39:25.798658
程序结束运行时间:2016-11-26 12:39:44.021369
程序运行时间(seconds)：18
程序运行时间(minutes)：0.3
------------------------------------------------------------------------------------------------
探测结果文件：new_201611261244.txt
程序开始运行时间:2016-11-26 12:44:44.047384
程序结束运行时间:2016-11-26 12:45:02.696125
程序运行时间(seconds)：18
程序运行时间(minutes)：0.3
------------------------------------------------------------------------------------------------
探测结果文件：new_201611261250.txt
程序开始运行时间:2016-11-26 12:50:02.723911
程序结束运行时间:2016-11-26 12:50:21.149034
程序运行时间(seconds)：18
程序运行时间(minutes)：0.3
------------------------------------------------------------------------------------------------
探测结果文件：new_201611261255.txt
程序开始运行时间:2016-11-26 12:55:21.176521
程序结束运行时间:2016-11-26 12:55:39.713236
程序运行时间(seconds)：18
程序运行时间(minutes)：0.3
------------------------------------------------------------------------------------------------
探测结果文件：new_201611261300.txt
程序开始运行时间:2016-11-26 13:00:39.738096
程序结束运行时间:2016-11-26 13:00:58.285240
程序运行时间(seconds)：18
程序运行时间(minutes)：0.3
------------------------------------------------------------------------------------------------
探测结果文件：new_201611261305.txt
程序开始运行时间:2016-11-26 13:05:58.310343
程序结束运行时间:2016-11-26 13:06:18.479891
程序运行时间(seconds)：20
程序运行时间(minutes)：0.33
------------------------------------------------------------------------------------------------
探测结果文件：new_201611261311.txt
程序开始运行时间:2016-11-26 13:11:18.505194
程序结束运行时间:2016-11-26 13:11:36.772290
程序运行时间(seconds)：18
程序运行时间(minutes)：0.3
------------------------------------------------------------------------------------------------
探测结果文件：new_201611261316.txt
程序开始运行时间:2016-11-26 13:16:36.798278
程序结束运行时间:2016-11-26 13:16:54.983164
程序运行时间(seconds)：18
程序运行时间(minutes)：0.3
------------------------------------------------------------------------------------------------
探测结果文件：new_201611261321.txt
程序开始运行时间:2016-11-26 13:21:55.010251
程序结束运行时间:2016-11-26 13:22:14.736394
程序运行时间(seconds)：19
程序运行时间(minutes)：0.32
------------------------------------------------------------------------------------------------
探测结果文件：new_201611261327.txt
程序开始运行时间:2016-11-26 13:27:14.768965
程序结束运行时间:2016-11-26 13:27:34.656904
程序运行时间(seconds)：19
程序运行时间(minutes)：0.32
------------------------------------------------------------------------------------------------
探测结果文件：new_201611261332.txt
程序开始运行时间:2016-11-26 13:32:34.685409
程序结束运行时间:2016-11-26 13:32:54.665971
程序运行时间(seconds)：19
程序运行时间(minutes)：0.32
------------------------------------------------------------------------------------------------
探测结果文件：new_201611261337.txt
程序开始运行时间:2016-11-26 13:37:54.691575
程序结束运行时间:2016-11-26 13:38:16.339346
程序运行时间(seconds)：21
程序运行时间(minutes)：0.35
------------------------------------------------------------------------------------------------
探测结果文件：new_201611261343.txt
程序开始运行时间:2016-11-26 13:43:16.365330
程序结束运行时间:2016-11-26 13:43:35.783018
程序运行时间(seconds)：19
程序运行时间(minutes)：0.32
------------------------------------------------------------------------------------------------
探测结果文件：new_201611261348.txt
程序开始运行时间:2016-11-26 13:48:35.807993
程序结束运行时间:2016-11-26 13:48:55.700631
程序运行时间(seconds)：19
程序运行时间(minutes)：0.32
------------------------------------------------------------------------------------------------
探测结果文件：new_201611261353.txt
程序开始运行时间:2016-11-26 13:53:55.725434
程序结束运行时间:2016-11-26 13:54:14.207981
程序运行时间(seconds)：18
程序运行时间(minutes)：0.3
------------------------------------------------------------------------------------------------
探测结果文件：new_201611261359.txt
程序开始运行时间:2016-11-26 13:59:14.232971
程序结束运行时间:2016-11-26 13:59:34.057019
程序运行时间(seconds)：19
程序运行时间(minutes)：0.32
------------------------------------------------------------------------------------------------
探测结果文件：new_201611261404.txt
程序开始运行时间:2016-11-26 14:04:34.082105
程序结束运行时间:2016-11-26 14:04:52.508181
程序运行时间(seconds)：18
程序运行时间(minutes)：0.3
------------------------------------------------------------------------------------------------
探测结果文件：new_201611261409.txt
程序开始运行时间:2016-11-26 14:09:52.536320
程序结束运行时间:2016-11-26 14:10:10.699829
程序运行时间(seconds)：18
程序运行时间(minutes)：0.3
------------------------------------------------------------------------------------------------
探测结果文件：new_201611261415.txt
程序开始运行时间:2016-11-26 14:15:10.725710
程序结束运行时间:2016-11-26 14:15:29.610307
程序运行时间(seconds)：18
程序运行时间(minutes)：0.3
------------------------------------------------------------------------------------------------
探测结果文件：new_201611261420.txt
程序开始运行时间:2016-11-26 14:20:29.637468
程序结束运行时间:2016-11-26 14:20:49.310427
程序运行时间(seconds)：19
程序运行时间(minutes)：0.32
------------------------------------------------------------------------------------------------
探测结果文件：new_201611261425.txt
程序开始运行时间:2016-11-26 14:25:49.337210
程序结束运行时间:2016-11-26 14:26:07.530472
程序运行时间(seconds)：18
程序运行时间(minutes)：0.3
------------------------------------------------------------------------------------------------
探测结果文件：new_201611261431.txt
程序开始运行时间:2016-11-26 14:31:07.555449
程序结束运行时间:2016-11-26 14:31:25.986511
程序运行时间(seconds)：18
程序运行时间(minutes)：0.3
------------------------------------------------------------------------------------------------
探测结果文件：new_201611261436.txt
程序开始运行时间:2016-11-26 14:36:26.013662
程序结束运行时间:2016-11-26 14:36:45.224467
程序运行时间(seconds)：19
程序运行时间(minutes)：0.32
------------------------------------------------------------------------------------------------
探测结果文件：new_201611261441.txt
程序开始运行时间:2016-11-26 14:41:45.249214
程序结束运行时间:2016-11-26 14:42:03.380197
程序运行时间(seconds)：18
程序运行时间(minutes)：0.3
------------------------------------------------------------------------------------------------
探测结果文件：new_201611261447.txt
程序开始运行时间:2016-11-26 14:47:03.409038
程序结束运行时间:2016-11-26 14:47:21.925936
程序运行时间(seconds)：18
程序运行时间(minutes)：0.3
------------------------------------------------------------------------------------------------
探测结果文件：new_201611261452.txt
程序开始运行时间:2016-11-26 14:52:21.951282
程序结束运行时间:2016-11-26 14:52:40.842385
程序运行时间(seconds)：18
程序运行时间(minutes)：0.3
------------------------------------------------------------------------------------------------
探测结果文件：new_201611261457.txt
程序开始运行时间:2016-11-26 14:57:40.866793
程序结束运行时间:2016-11-26 14:57:59.021715
程序运行时间(seconds)：18
程序运行时间(minutes)：0.3
------------------------------------------------------------------------------------------------
探测结果文件：new_201611261502.txt
程序开始运行时间:2016-11-26 15:02:59.050403
程序结束运行时间:2016-11-26 15:03:18.845986
程序运行时间(seconds)：19
程序运行时间(minutes)：0.32
------------------------------------------------------------------------------------------------
探测结果文件：new_201611261508.txt
程序开始运行时间:2016-11-26 15:08:18.887605
程序结束运行时间:2016-11-26 15:08:38.432301
程序运行时间(seconds)：19
程序运行时间(minutes)：0.32
------------------------------------------------------------------------------------------------
探测结果文件：new_201611261513.txt
程序开始运行时间:2016-11-26 15:13:38.458549
程序结束运行时间:2016-11-26 15:13:57.785768
程序运行时间(seconds)：19
程序运行时间(minutes)：0.32
------------------------------------------------------------------------------------------------
探测结果文件：new_201611261518.txt
程序开始运行时间:2016-11-26 15:18:57.810234
程序结束运行时间:2016-11-26 15:19:17.746576
程序运行时间(seconds)：19
程序运行时间(minutes)：0.32
------------------------------------------------------------------------------------------------
探测结果文件：new_201611261524.txt
程序开始运行时间:2016-11-26 15:24:17.771714
程序结束运行时间:2016-11-26 15:24:35.970235
程序运行时间(seconds)：18
程序运行时间(minutes)：0.3
------------------------------------------------------------------------------------------------
探测结果文件：new_201611261529.txt
程序开始运行时间:2016-11-26 15:29:35.995344
程序结束运行时间:2016-11-26 15:29:54.468616
程序运行时间(seconds)：18
程序运行时间(minutes)：0.3
------------------------------------------------------------------------------------------------
探测结果文件：new_201611261534.txt
程序开始运行时间:2016-11-26 15:34:54.494576
程序结束运行时间:2016-11-26 15:35:14.193162
程序运行时间(seconds)：19
程序运行时间(minutes)：0.32
------------------------------------------------------------------------------------------------
探测结果文件：new_201611261540.txt
程序开始运行时间:2016-11-26 15:40:14.222216
程序结束运行时间:2016-11-26 15:40:34.534732
程序运行时间(seconds)：20
程序运行时间(minutes)：0.33
------------------------------------------------------------------------------------------------
探测结果文件：new_201611261545.txt
程序开始运行时间:2016-11-26 15:45:34.560974
程序结束运行时间:2016-11-26 15:45:52.789075
程序运行时间(seconds)：18
程序运行时间(minutes)：0.3
------------------------------------------------------------------------------------------------
探测结果文件：new_201611261550.txt
程序开始运行时间:2016-11-26 15:50:52.814134
程序结束运行时间:2016-11-26 15:51:11.480527
程序运行时间(seconds)：18
程序运行时间(minutes)：0.3
------------------------------------------------------------------------------------------------
探测结果文件：new_201611261556.txt
程序开始运行时间:2016-11-26 15:56:11.509696
程序结束运行时间:2016-11-26 15:56:30.051850
程序运行时间(seconds)：18
程序运行时间(minutes)：0.3
------------------------------------------------------------------------------------------------
探测结果文件：new_201611261601.txt
程序开始运行时间:2016-11-26 16:01:30.078387
程序结束运行时间:2016-11-26 16:01:48.231205
程序运行时间(seconds)：18
程序运行时间(minutes)：0.3
------------------------------------------------------------------------------------------------
探测结果文件：new_201611261606.txt
程序开始运行时间:2016-11-26 16:06:48.257011
程序结束运行时间:2016-11-26 16:07:06.405132
程序运行时间(seconds)：18
程序运行时间(minutes)：0.3
------------------------------------------------------------------------------------------------
探测结果文件：new_201611261612.txt
程序开始运行时间:2016-11-26 16:12:06.430242
程序结束运行时间:2016-11-26 16:12:24.643164
程序运行时间(seconds)：18
程序运行时间(minutes)：0.3
------------------------------------------------------------------------------------------------
探测结果文件：new_201611261617.txt
程序开始运行时间:2016-11-26 16:17:24.667992
程序结束运行时间:2016-11-26 16:17:42.822800
程序运行时间(seconds)：18
程序运行时间(minutes)：0.3
------------------------------------------------------------------------------------------------
探测结果文件：new_201611261622.txt
程序开始运行时间:2016-11-26 16:22:42.850031
程序结束运行时间:2016-11-26 16:23:01.117595
程序运行时间(seconds)：18
程序运行时间(minutes)：0.3
------------------------------------------------------------------------------------------------
探测结果文件：new_201611261628.txt
程序开始运行时间:2016-11-26 16:28:01.144318
程序结束运行时间:2016-11-26 16:28:19.683986
程序运行时间(seconds)：18
程序运行时间(minutes)：0.3
------------------------------------------------------------------------------------------------
探测结果文件：new_201611261633.txt
程序开始运行时间:2016-11-26 16:33:19.708258
程序结束运行时间:2016-11-26 16:33:37.864184
程序运行时间(seconds)：18
程序运行时间(minutes)：0.3
------------------------------------------------------------------------------------------------
探测结果文件：new_201611261638.txt
程序开始运行时间:2016-11-26 16:38:37.889256
程序结束运行时间:2016-11-26 16:38:56.299442
程序运行时间(seconds)：18
程序运行时间(minutes)：0.3
------------------------------------------------------------------------------------------------
探测结果文件：new_201611261643.txt
程序开始运行时间:2016-11-26 16:43:56.323868
程序结束运行时间:2016-11-26 16:44:14.584080
程序运行时间(seconds)：18
程序运行时间(minutes)：0.3
------------------------------------------------------------------------------------------------
探测结果文件：new_201611261649.txt
程序开始运行时间:2016-11-26 16:49:14.608698
程序结束运行时间:2016-11-26 16:49:32.886353
程序运行时间(seconds)：18
程序运行时间(minutes)：0.3
------------------------------------------------------------------------------------------------
探测结果文件：new_201611261654.txt
程序开始运行时间:2016-11-26 16:54:32.913601
程序结束运行时间:2016-11-26 16:54:51.362191
程序运行时间(seconds)：18
程序运行时间(minutes)：0.3
------------------------------------------------------------------------------------------------
探测结果文件：new_201611261659.txt
程序开始运行时间:2016-11-26 16:59:51.387308
程序结束运行时间:2016-11-26 17:00:10.935624
程序运行时间(seconds)：19
程序运行时间(minutes)：0.32
------------------------------------------------------------------------------------------------
探测结果文件：new_201611261705.txt
程序开始运行时间:2016-11-26 17:05:10.960486
程序结束运行时间:2016-11-26 17:05:29.185505
程序运行时间(seconds)：18
程序运行时间(minutes)：0.3
------------------------------------------------------------------------------------------------
探测结果文件：new_201611261710.txt
程序开始运行时间:2016-11-26 17:10:29.213913
程序结束运行时间:2016-11-26 17:10:48.678511
程序运行时间(seconds)：19
程序运行时间(minutes)：0.32
------------------------------------------------------------------------------------------------
探测结果文件：new_201611261715.txt
程序开始运行时间:2016-11-26 17:15:48.703017
程序结束运行时间:2016-11-26 17:16:06.848871
程序运行时间(seconds)：18
程序运行时间(minutes)：0.3
------------------------------------------------------------------------------------------------
探测结果文件：new_201611261721.txt
程序开始运行时间:2016-11-26 17:21:06.874310
程序结束运行时间:2016-11-26 17:21:25.318756
程序运行时间(seconds)：18
程序运行时间(minutes)：0.3
------------------------------------------------------------------------------------------------
探测结果文件：new_201611261726.txt
程序开始运行时间:2016-11-26 17:26:25.346975
程序结束运行时间:2016-11-26 17:26:44.947314
程序运行时间(seconds)：19
程序运行时间(minutes)：0.32
------------------------------------------------------------------------------------------------
探测结果文件：new_201611261731.txt
程序开始运行时间:2016-11-26 17:31:44.974065
程序结束运行时间:2016-11-26 17:32:02.824410
程序运行时间(seconds)：17
程序运行时间(minutes)：0.28
------------------------------------------------------------------------------------------------
探测结果文件：new_201611261737.txt
程序开始运行时间:2016-11-26 17:37:02.852346
程序结束运行时间:2016-11-26 17:37:20.985005
程序运行时间(seconds)：18
程序运行时间(minutes)：0.3
------------------------------------------------------------------------------------------------
探测结果文件：new_201611261742.txt
程序开始运行时间:2016-11-26 17:42:21.011045
程序结束运行时间:2016-11-26 17:42:39.413289
程序运行时间(seconds)：18
程序运行时间(minutes)：0.3
------------------------------------------------------------------------------------------------
探测结果文件：new_201611261747.txt
程序开始运行时间:2016-11-26 17:47:39.441301
程序结束运行时间:2016-11-26 17:47:57.580638
程序运行时间(seconds)：18
程序运行时间(minutes)：0.3
------------------------------------------------------------------------------------------------
探测结果文件：new_201611261752.txt
程序开始运行时间:2016-11-26 17:52:57.606064
程序结束运行时间:2016-11-26 17:53:17.144207
程序运行时间(seconds)：19
程序运行时间(minutes)：0.32
------------------------------------------------------------------------------------------------
探测结果文件：new_201611261758.txt
程序开始运行时间:2016-11-26 17:58:17.169726
程序结束运行时间:2016-11-26 17:58:35.891908
程序运行时间(seconds)：18
程序运行时间(minutes)：0.3
------------------------------------------------------------------------------------------------
探测结果文件：new_201611261803.txt
程序开始运行时间:2016-11-26 18:03:35.918360
程序结束运行时间:2016-11-26 18:03:54.071960
程序运行时间(seconds)：18
程序运行时间(minutes)：0.3
------------------------------------------------------------------------------------------------
探测结果文件：new_201611261808.txt
程序开始运行时间:2016-11-26 18:08:54.098290
程序结束运行时间:2016-11-26 18:09:13.972284
程序运行时间(seconds)：19
程序运行时间(minutes)：0.32
------------------------------------------------------------------------------------------------
探测结果文件：new_201611261814.txt
程序开始运行时间:2016-11-26 18:14:13.999526
程序结束运行时间:2016-11-26 18:14:32.234204
程序运行时间(seconds)：18
程序运行时间(minutes)：0.3
------------------------------------------------------------------------------------------------
探测结果文件：new_201611261819.txt
程序开始运行时间:2016-11-26 18:19:32.259618
程序结束运行时间:2016-11-26 18:19:50.633392
程序运行时间(seconds)：18
程序运行时间(minutes)：0.3
------------------------------------------------------------------------------------------------
探测结果文件：new_201611261824.txt
程序开始运行时间:2016-11-26 18:24:50.663548
程序结束运行时间:2016-11-26 18:25:08.794953
程序运行时间(seconds)：18
程序运行时间(minutes)：0.3
------------------------------------------------------------------------------------------------
探测结果文件：new_201611261830.txt
程序开始运行时间:2016-11-26 18:30:08.820836
程序结束运行时间:2016-11-26 18:30:27.247416
程序运行时间(seconds)：18
程序运行时间(minutes)：0.3
------------------------------------------------------------------------------------------------
探测结果文件：new_201611261835.txt
程序开始运行时间:2016-11-26 18:35:27.272317
程序结束运行时间:2016-11-26 18:35:46.496674
程序运行时间(seconds)：19
程序运行时间(minutes)：0.32
------------------------------------------------------------------------------------------------
探测结果文件：new_201611261840.txt
程序开始运行时间:2016-11-26 18:40:46.522242
程序结束运行时间:2016-11-26 18:41:05.317115
程序运行时间(seconds)：18
程序运行时间(minutes)：0.3
------------------------------------------------------------------------------------------------
探测结果文件：new_201611261846.txt
程序开始运行时间:2016-11-26 18:46:05.342270
程序结束运行时间:2016-11-26 18:46:24.426198
程序运行时间(seconds)：19
程序运行时间(minutes)：0.32
------------------------------------------------------------------------------------------------
探测结果文件：new_201611261851.txt
程序开始运行时间:2016-11-26 18:51:24.452072
程序结束运行时间:2016-11-26 18:51:43.024295
程序运行时间(seconds)：18
程序运行时间(minutes)：0.3
------------------------------------------------------------------------------------------------
探测结果文件：new_201611261856.txt
程序开始运行时间:2016-11-26 18:56:43.049418
程序结束运行时间:2016-11-26 18:57:02.404168
程序运行时间(seconds)：19
程序运行时间(minutes)：0.32
------------------------------------------------------------------------------------------------
探测结果文件：new_201611261902.txt
程序开始运行时间:2016-11-26 19:02:02.429010
程序结束运行时间:2016-11-26 19:02:20.708246
程序运行时间(seconds)：18
程序运行时间(minutes)：0.3
------------------------------------------------------------------------------------------------
探测结果文件：new_201611261907.txt
程序开始运行时间:2016-11-26 19:07:20.737402
程序结束运行时间:2016-11-26 19:07:39.305075
程序运行时间(seconds)：18
程序运行时间(minutes)：0.3
------------------------------------------------------------------------------------------------
探测结果文件：new_201611261912.txt
程序开始运行时间:2016-11-26 19:12:39.333136
程序结束运行时间:2016-11-26 19:13:00.493425
程序运行时间(seconds)：21
程序运行时间(minutes)：0.35
------------------------------------------------------------------------------------------------
探测结果文件：new_201611261918.txt
程序开始运行时间:2016-11-26 19:18:00.518736
程序结束运行时间:2016-11-26 19:18:22.054377
程序运行时间(seconds)：21
程序运行时间(minutes)：0.35
------------------------------------------------------------------------------------------------
探测结果文件：new_201611261923.txt
程序开始运行时间:2016-11-26 19:23:22.079153
程序结束运行时间:2016-11-26 19:23:40.868664
程序运行时间(seconds)：18
程序运行时间(minutes)：0.3
------------------------------------------------------------------------------------------------
探测结果文件：new_201611261928.txt
程序开始运行时间:2016-11-26 19:28:40.895057
程序结束运行时间:2016-11-26 19:28:59.886861
程序运行时间(seconds)：18
程序运行时间(minutes)：0.3
------------------------------------------------------------------------------------------------
探测结果文件：new_201611261933.txt
程序开始运行时间:2016-11-26 19:33:59.914446
程序结束运行时间:2016-11-26 19:34:18.047050
程序运行时间(seconds)：18
程序运行时间(minutes)：0.3
------------------------------------------------------------------------------------------------
探测结果文件：new_201611261939.txt
程序开始运行时间:2016-11-26 19:39:18.073196
程序结束运行时间:2016-11-26 19:39:37.398857
程序运行时间(seconds)：19
程序运行时间(minutes)：0.32
------------------------------------------------------------------------------------------------
探测结果文件：new_201611261944.txt
程序开始运行时间:2016-11-26 19:44:37.423474
程序结束运行时间:2016-11-26 19:44:56.745761
程序运行时间(seconds)：19
程序运行时间(minutes)：0.32
------------------------------------------------------------------------------------------------
探测结果文件：new_201611261949.txt
程序开始运行时间:2016-11-26 19:49:56.771568
程序结束运行时间:2016-11-26 19:50:14.757967
程序运行时间(seconds)：17
程序运行时间(minutes)：0.28
------------------------------------------------------------------------------------------------
探测结果文件：new_201611261955.txt
程序开始运行时间:2016-11-26 19:55:14.787055
程序结束运行时间:2016-11-26 19:55:32.919997
程序运行时间(seconds)：18
程序运行时间(minutes)：0.3
------------------------------------------------------------------------------------------------
探测结果文件：new_201611262000.txt
程序开始运行时间:2016-11-26 20:00:32.944925
程序结束运行时间:2016-11-26 20:00:50.803841
程序运行时间(seconds)：17
程序运行时间(minutes)：0.28
------------------------------------------------------------------------------------------------
探测结果文件：new_201611262005.txt
程序开始运行时间:2016-11-26 20:05:50.829161
程序结束运行时间:2016-11-26 20:06:09.580013
程序运行时间(seconds)：18
程序运行时间(minutes)：0.3
------------------------------------------------------------------------------------------------
探测结果文件：new_201611262011.txt
程序开始运行时间:2016-11-26 20:11:09.610437
程序结束运行时间:2016-11-26 20:11:27.758427
程序运行时间(seconds)：18
程序运行时间(minutes)：0.3
------------------------------------------------------------------------------------------------
探测结果文件：new_201611262016.txt
程序开始运行时间:2016-11-26 20:16:27.784456
程序结束运行时间:2016-11-26 20:16:47.128306
程序运行时间(seconds)：19
程序运行时间(minutes)：0.32
------------------------------------------------------------------------------------------------
探测结果文件：new_201611262021.txt
程序开始运行时间:2016-11-26 20:21:47.157720
程序结束运行时间:2016-11-26 20:22:05.000775
程序运行时间(seconds)：17
程序运行时间(minutes)：0.28
------------------------------------------------------------------------------------------------
探测结果文件：new_201611262027.txt
程序开始运行时间:2016-11-26 20:27:05.026514
程序结束运行时间:2016-11-26 20:27:23.230697
程序运行时间(seconds)：18
程序运行时间(minutes)：0.3
------------------------------------------------------------------------------------------------
探测结果文件：new_201611262032.txt
程序开始运行时间:2016-11-26 20:32:23.256306
程序结束运行时间:2016-11-26 20:32:42.601534
程序运行时间(seconds)：19
程序运行时间(minutes)：0.32
------------------------------------------------------------------------------------------------
探测结果文件：new_201611262037.txt
程序开始运行时间:2016-11-26 20:37:42.628952
程序结束运行时间:2016-11-26 20:38:01.991789
程序运行时间(seconds)：19
程序运行时间(minutes)：0.32
------------------------------------------------------------------------------------------------
探测结果文件：new_201611262043.txt
程序开始运行时间:2016-11-26 20:43:02.016357
程序结束运行时间:2016-11-26 20:43:21.380170
程序运行时间(seconds)：19
程序运行时间(minutes)：0.32
------------------------------------------------------------------------------------------------
探测结果文件：new_201611262048.txt
程序开始运行时间:2016-11-26 20:48:21.406330
程序结束运行时间:2016-11-26 20:48:40.034869
程序运行时间(seconds)：18
程序运行时间(minutes)：0.3
------------------------------------------------------------------------------------------------
探测结果文件：new_201611262053.txt
程序开始运行时间:2016-11-26 20:53:40.059584
程序结束运行时间:2016-11-26 20:53:58.742536
程序运行时间(seconds)：18
程序运行时间(minutes)：0.3
------------------------------------------------------------------------------------------------
探测结果文件：new_201611262058.txt
程序开始运行时间:2016-11-26 20:58:58.766887
程序结束运行时间:2016-11-26 20:59:17.306157
程序运行时间(seconds)：18
程序运行时间(minutes)：0.3
------------------------------------------------------------------------------------------------
探测结果文件：new_201611262104.txt
程序开始运行时间:2016-11-26 21:04:17.337727
程序结束运行时间:2016-11-26 21:04:35.126893
程序运行时间(seconds)：17
程序运行时间(minutes)：0.28
------------------------------------------------------------------------------------------------
探测结果文件：new_201611262109.txt
程序开始运行时间:2016-11-26 21:09:35.154169
程序结束运行时间:2016-11-26 21:09:53.321770
程序运行时间(seconds)：18
程序运行时间(minutes)：0.3
------------------------------------------------------------------------------------------------
探测结果文件：new_201611262114.txt
程序开始运行时间:2016-11-26 21:14:53.360967
程序结束运行时间:2016-11-26 21:15:11.279754
程序运行时间(seconds)：17
程序运行时间(minutes)：0.28
------------------------------------------------------------------------------------------------
探测结果文件：new_201611262120.txt
程序开始运行时间:2016-11-26 21:20:11.307760
程序结束运行时间:2016-11-26 21:20:29.753295
程序运行时间(seconds)：18
程序运行时间(minutes)：0.3
------------------------------------------------------------------------------------------------
探测结果文件：new_201611262125.txt
程序开始运行时间:2016-11-26 21:25:29.778571
程序结束运行时间:2016-11-26 21:25:49.870589
程序运行时间(seconds)：20
程序运行时间(minutes)：0.33
------------------------------------------------------------------------------------------------
探测结果文件：new_201611262130.txt
程序开始运行时间:2016-11-26 21:30:49.896249
程序结束运行时间:2016-11-26 21:31:08.040132
程序运行时间(seconds)：18
程序运行时间(minutes)：0.3
------------------------------------------------------------------------------------------------
探测结果文件：new_201611262136.txt
程序开始运行时间:2016-11-26 21:36:08.066766
程序结束运行时间:2016-11-26 21:36:26.526967
程序运行时间(seconds)：18
程序运行时间(minutes)：0.3
------------------------------------------------------------------------------------------------
探测结果文件：new_201611262141.txt
程序开始运行时间:2016-11-26 21:41:26.551218
程序结束运行时间:2016-11-26 21:41:47.784126
程序运行时间(seconds)：21
程序运行时间(minutes)：0.35
------------------------------------------------------------------------------------------------
探测结果文件：new_201611262146.txt
程序开始运行时间:2016-11-26 21:46:47.810114
程序结束运行时间:2016-11-26 21:47:06.587853
程序运行时间(seconds)：18
程序运行时间(minutes)：0.3
------------------------------------------------------------------------------------------------
探测结果文件：new_201611262152.txt
程序开始运行时间:2016-11-26 21:52:06.617123
程序结束运行时间:2016-11-26 21:52:24.834880
程序运行时间(seconds)：18
程序运行时间(minutes)：0.3
------------------------------------------------------------------------------------------------
探测结果文件：new_201611262157.txt
程序开始运行时间:2016-11-26 21:57:24.859708
程序结束运行时间:2016-11-26 21:57:43.237382
程序运行时间(seconds)：18
程序运行时间(minutes)：0.3
------------------------------------------------------------------------------------------------
探测结果文件：new_201611262202.txt
程序开始运行时间:2016-11-26 22:02:43.262152
程序结束运行时间:2016-11-26 22:03:01.449325
程序运行时间(seconds)：18
程序运行时间(minutes)：0.3
------------------------------------------------------------------------------------------------
探测结果文件：new_201611262208.txt
程序开始运行时间:2016-11-26 22:08:01.475545
程序结束运行时间:2016-11-26 22:08:20.244150
程序运行时间(seconds)：18
程序运行时间(minutes)：0.3
------------------------------------------------------------------------------------------------
探测结果文件：new_201611262213.txt
程序开始运行时间:2016-11-26 22:13:20.269625
程序结束运行时间:2016-11-26 22:13:38.498778
程序运行时间(seconds)：18
程序运行时间(minutes)：0.3
------------------------------------------------------------------------------------------------
探测结果文件：new_201611262218.txt
程序开始运行时间:2016-11-26 22:18:38.532624
程序结束运行时间:2016-11-26 22:18:56.973412
程序运行时间(seconds)：18
程序运行时间(minutes)：0.3
------------------------------------------------------------------------------------------------
探测结果文件：new_201611262223.txt
程序开始运行时间:2016-11-26 22:23:56.998685
程序结束运行时间:2016-11-26 22:24:18.105867
程序运行时间(seconds)：21
程序运行时间(minutes)：0.35
------------------------------------------------------------------------------------------------
探测结果文件：new_201611262229.txt
程序开始运行时间:2016-11-26 22:29:18.132911
程序结束运行时间:2016-11-26 22:29:37.500176
程序运行时间(seconds)：19
程序运行时间(minutes)：0.32
------------------------------------------------------------------------------------------------
探测结果文件：new_201611262234.txt
程序开始运行时间:2016-11-26 22:34:37.528763
程序结束运行时间:2016-11-26 22:34:57.133628
程序运行时间(seconds)：19
程序运行时间(minutes)：0.32
------------------------------------------------------------------------------------------------
探测结果文件：new_201611262239.txt
程序开始运行时间:2016-11-26 22:39:57.158347
程序结束运行时间:2016-11-26 22:40:16.678743
程序运行时间(seconds)：19
程序运行时间(minutes)：0.32
------------------------------------------------------------------------------------------------
探测结果文件：new_201611262245.txt
程序开始运行时间:2016-11-26 22:45:16.703956
程序结束运行时间:2016-11-26 22:45:36.322043
程序运行时间(seconds)：19
程序运行时间(minutes)：0.32
------------------------------------------------------------------------------------------------
探测结果文件：new_201611262250.txt
程序开始运行时间:2016-11-26 22:50:36.349204
程序结束运行时间:2016-11-26 22:50:54.472158
程序运行时间(seconds)：18
程序运行时间(minutes)：0.3
------------------------------------------------------------------------------------------------
探测结果文件：new_201611262255.txt
程序开始运行时间:2016-11-26 22:55:54.499092
程序结束运行时间:2016-11-26 22:56:12.621052
程序运行时间(seconds)：18
程序运行时间(minutes)：0.3
------------------------------------------------------------------------------------------------
探测结果文件：new_201611262301.txt
程序开始运行时间:2016-11-26 23:01:12.647520
程序结束运行时间:2016-11-26 23:01:31.735860
程序运行时间(seconds)：19
程序运行时间(minutes)：0.32
------------------------------------------------------------------------------------------------
探测结果文件：new_201611262306.txt
程序开始运行时间:2016-11-26 23:06:31.761504
程序结束运行时间:2016-11-26 23:06:50.335803
程序运行时间(seconds)：18
程序运行时间(minutes)：0.3
------------------------------------------------------------------------------------------------
探测结果文件：new_201611262311.txt
程序开始运行时间:2016-11-26 23:11:50.360986
程序结束运行时间:2016-11-26 23:12:09.099905
程序运行时间(seconds)：18
程序运行时间(minutes)：0.3
------------------------------------------------------------------------------------------------
探测结果文件：new_201611262317.txt
程序开始运行时间:2016-11-26 23:17:09.124593
程序结束运行时间:2016-11-26 23:17:27.513065
程序运行时间(seconds)：18
程序运行时间(minutes)：0.3
------------------------------------------------------------------------------------------------
探测结果文件：new_201611262322.txt
程序开始运行时间:2016-11-26 23:22:27.539780
程序结束运行时间:2016-11-26 23:22:46.012139
程序运行时间(seconds)：18
程序运行时间(minutes)：0.3
------------------------------------------------------------------------------------------------
探测结果文件：new_201611262327.txt
程序开始运行时间:2016-11-26 23:27:46.038498
程序结束运行时间:2016-11-26 23:28:05.643896
程序运行时间(seconds)：19
程序运行时间(minutes)：0.32
------------------------------------------------------------------------------------------------
探测结果文件：new_201611262333.txt
程序开始运行时间:2016-11-26 23:33:05.668515
程序结束运行时间:2016-11-26 23:33:25.450259
程序运行时间(seconds)：19
程序运行时间(minutes)：0.32
------------------------------------------------------------------------------------------------
探测结果文件：new_201611262338.txt
程序开始运行时间:2016-11-26 23:38:25.476109
程序结束运行时间:2016-11-26 23:38:43.879946
程序运行时间(seconds)：18
程序运行时间(minutes)：0.3
------------------------------------------------------------------------------------------------
探测结果文件：new_201611262343.txt
程序开始运行时间:2016-11-26 23:43:43.907772
程序结束运行时间:2016-11-26 23:44:02.300782
程序运行时间(seconds)：18
程序运行时间(minutes)：0.3
------------------------------------------------------------------------------------------------
探测结果文件：new_201611262349.txt
程序开始运行时间:2016-11-26 23:49:02.329987
程序结束运行时间:2016-11-26 23:49:20.801871
程序运行时间(seconds)：18
程序运行时间(minutes)：0.3
------------------------------------------------------------------------------------------------
探测结果文件：new_201611262354.txt
程序开始运行时间:2016-11-26 23:54:20.828623
程序结束运行时间:2016-11-26 23:54:39.139239
程序运行时间(seconds)：18
程序运行时间(minutes)：0.3
------------------------------------------------------------------------------------------------
探测结果文件：new_201611262359.txt
程序开始运行时间:2016-11-26 23:59:39.165134
程序结束运行时间:2016-11-26 23:59:57.410132
程序运行时间(seconds)：18
程序运行时间(minutes)：0.3
------------------------------------------------------------------------------------------------
探测结果文件：new_201611270004.txt
程序开始运行时间:2016-11-27 00:04:57.434695
程序结束运行时间:2016-11-27 00:05:18.109077
程序运行时间(seconds)：20
程序运行时间(minutes)：0.33
------------------------------------------------------------------------------------------------
探测结果文件：new_201611270010.txt
程序开始运行时间:2016-11-27 00:10:18.134145
程序结束运行时间:2016-11-27 00:10:38.052536
程序运行时间(seconds)：19
程序运行时间(minutes)：0.32
------------------------------------------------------------------------------------------------
探测结果文件：new_201611270015.txt
程序开始运行时间:2016-11-27 00:15:38.078186
程序结束运行时间:2016-11-27 00:15:56.287089
程序运行时间(seconds)：18
程序运行时间(minutes)：0.3
------------------------------------------------------------------------------------------------
探测结果文件：new_201611270020.txt
程序开始运行时间:2016-11-27 00:20:56.313984
程序结束运行时间:2016-11-27 00:21:14.457240
程序运行时间(seconds)：18
程序运行时间(minutes)：0.3
------------------------------------------------------------------------------------------------
探测结果文件：new_201611270026.txt
程序开始运行时间:2016-11-27 00:26:14.482557
程序结束运行时间:2016-11-27 00:26:32.913392
程序运行时间(seconds)：18
程序运行时间(minutes)：0.3
------------------------------------------------------------------------------------------------
探测结果文件：new_201611270031.txt
程序开始运行时间:2016-11-27 00:31:32.938228
程序结束运行时间:2016-11-27 00:31:51.043512
程序运行时间(seconds)：18
程序运行时间(minutes)：0.3
------------------------------------------------------------------------------------------------
探测结果文件：new_201611270036.txt
程序开始运行时间:2016-11-27 00:36:51.069053
程序结束运行时间:2016-11-27 00:37:09.199506
程序运行时间(seconds)：18
程序运行时间(minutes)：0.3
------------------------------------------------------------------------------------------------
探测结果文件：new_201611270042.txt
程序开始运行时间:2016-11-27 00:42:09.227315
程序结束运行时间:2016-11-27 00:42:28.815745
程序运行时间(seconds)：19
程序运行时间(minutes)：0.32
------------------------------------------------------------------------------------------------
探测结果文件：new_201611270047.txt
程序开始运行时间:2016-11-27 00:47:28.843410
程序结束运行时间:2016-11-27 00:47:47.085562
程序运行时间(seconds)：18
程序运行时间(minutes)：0.3
------------------------------------------------------------------------------------------------
探测结果文件：new_201611270052.txt
程序开始运行时间:2016-11-27 00:52:47.117052
程序结束运行时间:2016-11-27 00:53:05.475108
程序运行时间(seconds)：18
程序运行时间(minutes)：0.3
------------------------------------------------------------------------------------------------
探测结果文件：new_201611270058.txt
程序开始运行时间:2016-11-27 00:58:05.500474
程序结束运行时间:2016-11-27 00:58:23.747048
程序运行时间(seconds)：18
程序运行时间(minutes)：0.3
------------------------------------------------------------------------------------------------
探测结果文件：new_201611270103.txt
程序开始运行时间:2016-11-27 01:03:23.774541
程序结束运行时间:2016-11-27 01:03:41.907411
程序运行时间(seconds)：18
程序运行时间(minutes)：0.3
------------------------------------------------------------------------------------------------
探测结果文件：new_201611270108.txt
程序开始运行时间:2016-11-27 01:08:41.933867
程序结束运行时间:2016-11-27 01:09:00.460161
程序运行时间(seconds)：18
程序运行时间(minutes)：0.3
------------------------------------------------------------------------------------------------
探测结果文件：new_201611270114.txt
程序开始运行时间:2016-11-27 01:14:00.488484
程序结束运行时间:2016-11-27 01:14:18.646877
程序运行时间(seconds)：18
程序运行时间(minutes)：0.3
------------------------------------------------------------------------------------------------
探测结果文件：new_201611270119.txt
程序开始运行时间:2016-11-27 01:19:18.671972
程序结束运行时间:2016-11-27 01:19:37.079263
程序运行时间(seconds)：18
程序运行时间(minutes)：0.3
------------------------------------------------------------------------------------------------
探测结果文件：new_201611270124.txt
程序开始运行时间:2016-11-27 01:24:37.110834
程序结束运行时间:2016-11-27 01:24:55.246432
程序运行时间(seconds)：18
程序运行时间(minutes)：0.3
------------------------------------------------------------------------------------------------
探测结果文件：new_201611270129.txt
程序开始运行时间:2016-11-27 01:29:55.270910
程序结束运行时间:2016-11-27 01:30:13.443836
程序运行时间(seconds)：18
程序运行时间(minutes)：0.3
------------------------------------------------------------------------------------------------
探测结果文件：new_201611270135.txt
程序开始运行时间:2016-11-27 01:35:13.469207
程序结束运行时间:2016-11-27 01:35:32.025867
程序运行时间(seconds)：18
程序运行时间(minutes)：0.3
------------------------------------------------------------------------------------------------
探测结果文件：new_201611270140.txt
程序开始运行时间:2016-11-27 01:40:32.052534
程序结束运行时间:2016-11-27 01:40:50.306918
程序运行时间(seconds)：18
程序运行时间(minutes)：0.3
------------------------------------------------------------------------------------------------
探测结果文件：new_201611270145.txt
程序开始运行时间:2016-11-27 01:45:50.334067
程序结束运行时间:2016-11-27 01:46:10.129446
程序运行时间(seconds)：19
程序运行时间(minutes)：0.32
------------------------------------------------------------------------------------------------
探测结果文件：new_201611270151.txt
程序开始运行时间:2016-11-27 01:51:10.154287
程序结束运行时间:2016-11-27 01:51:28.941334
程序运行时间(seconds)：18
程序运行时间(minutes)：0.3
------------------------------------------------------------------------------------------------
探测结果文件：new_201611270156.txt
程序开始运行时间:2016-11-27 01:56:28.965643
程序结束运行时间:2016-11-27 01:56:47.272434
程序运行时间(seconds)：18
程序运行时间(minutes)：0.3
------------------------------------------------------------------------------------------------
探测结果文件：new_201611270201.txt
程序开始运行时间:2016-11-27 02:01:47.302420
程序结束运行时间:2016-11-27 02:02:06.541540
程序运行时间(seconds)：19
程序运行时间(minutes)：0.32
------------------------------------------------------------------------------------------------
探测结果文件：new_201611270207.txt
程序开始运行时间:2016-11-27 02:07:06.567601
程序结束运行时间:2016-11-27 02:07:25.210876
程序运行时间(seconds)：18
程序运行时间(minutes)：0.3
------------------------------------------------------------------------------------------------
探测结果文件：new_201611270212.txt
程序开始运行时间:2016-11-27 02:12:25.235253
程序结束运行时间:2016-11-27 02:12:43.375344
程序运行时间(seconds)：18
程序运行时间(minutes)：0.3
------------------------------------------------------------------------------------------------
探测结果文件：new_201611270217.txt
程序开始运行时间:2016-11-27 02:17:43.401346
程序结束运行时间:2016-11-27 02:18:02.262578
程序运行时间(seconds)：18
程序运行时间(minutes)：0.3
------------------------------------------------------------------------------------------------
探测结果文件：new_201611270223.txt
程序开始运行时间:2016-11-27 02:23:02.287652
程序结束运行时间:2016-11-27 02:23:21.864494
程序运行时间(seconds)：19
程序运行时间(minutes)：0.32
------------------------------------------------------------------------------------------------
探测结果文件：new_201611270228.txt
程序开始运行时间:2016-11-27 02:28:21.889128
程序结束运行时间:2016-11-27 02:28:40.266079
程序运行时间(seconds)：18
程序运行时间(minutes)：0.3
------------------------------------------------------------------------------------------------
探测结果文件：new_201611270233.txt
程序开始运行时间:2016-11-27 02:33:40.290903
程序结束运行时间:2016-11-27 02:34:00.331440
程序运行时间(seconds)：20
程序运行时间(minutes)：0.33
------------------------------------------------------------------------------------------------
探测结果文件：new_201611270239.txt
程序开始运行时间:2016-11-27 02:39:00.356543
程序结束运行时间:2016-11-27 02:39:19.654915
程序运行时间(seconds)：19
程序运行时间(minutes)：0.32
------------------------------------------------------------------------------------------------
探测结果文件：new_201611270244.txt
程序开始运行时间:2016-11-27 02:44:19.682274
程序结束运行时间:2016-11-27 02:44:38.740441
程序运行时间(seconds)：19
程序运行时间(minutes)：0.32
------------------------------------------------------------------------------------------------
探测结果文件：new_201611270249.txt
程序开始运行时间:2016-11-27 02:49:38.766102
程序结束运行时间:2016-11-27 02:49:58.075552
程序运行时间(seconds)：19
程序运行时间(minutes)：0.32
------------------------------------------------------------------------------------------------
探测结果文件：new_201611270254.txt
程序开始运行时间:2016-11-27 02:54:58.106515
程序结束运行时间:2016-11-27 02:55:16.456944
程序运行时间(seconds)：18
程序运行时间(minutes)：0.3
------------------------------------------------------------------------------------------------
探测结果文件：new_201611270300.txt
程序开始运行时间:2016-11-27 03:00:16.481744
程序结束运行时间:2016-11-27 03:00:35.047530
程序运行时间(seconds)：18
程序运行时间(minutes)：0.3
------------------------------------------------------------------------------------------------
探测结果文件：new_201611270305.txt
程序开始运行时间:2016-11-27 03:05:35.074035
程序结束运行时间:2016-11-27 03:05:54.670788
程序运行时间(seconds)：19
程序运行时间(minutes)：0.32
------------------------------------------------------------------------------------------------
探测结果文件：new_201611270310.txt
程序开始运行时间:2016-11-27 03:10:54.697977
程序结束运行时间:2016-11-27 03:11:12.959443
程序运行时间(seconds)：18
程序运行时间(minutes)：0.3
------------------------------------------------------------------------------------------------
探测结果文件：new_201611270316.txt
程序开始运行时间:2016-11-27 03:16:12.984260
程序结束运行时间:2016-11-27 03:16:31.151968
程序运行时间(seconds)：18
程序运行时间(minutes)：0.3
------------------------------------------------------------------------------------------------
探测结果文件：new_201611270321.txt
程序开始运行时间:2016-11-27 03:21:31.176518
程序结束运行时间:2016-11-27 03:21:49.320509
程序运行时间(seconds)：18
程序运行时间(minutes)：0.3
------------------------------------------------------------------------------------------------
探测结果文件：new_201611270326.txt
程序开始运行时间:2016-11-27 03:26:49.346323
程序结束运行时间:2016-11-27 03:27:07.608851
程序运行时间(seconds)：18
程序运行时间(minutes)：0.3
------------------------------------------------------------------------------------------------
探测结果文件：new_201611270332.txt
程序开始运行时间:2016-11-27 03:32:07.634878
程序结束运行时间:2016-11-27 03:32:26.178700
程序运行时间(seconds)：18
程序运行时间(minutes)：0.3
------------------------------------------------------------------------------------------------
探测结果文件：new_201611270337.txt
程序开始运行时间:2016-11-27 03:37:26.205982
程序结束运行时间:2016-11-27 03:37:44.960341
程序运行时间(seconds)：18
程序运行时间(minutes)：0.3
------------------------------------------------------------------------------------------------
探测结果文件：new_201611270342.txt
程序开始运行时间:2016-11-27 03:42:44.990102
程序结束运行时间:2016-11-27 03:43:04.731208
程序运行时间(seconds)：19
程序运行时间(minutes)：0.32
------------------------------------------------------------------------------------------------
探测结果文件：new_201611270348.txt
程序开始运行时间:2016-11-27 03:48:04.756142
程序结束运行时间:2016-11-27 03:48:24.062988
程序运行时间(seconds)：19
程序运行时间(minutes)：0.32
------------------------------------------------------------------------------------------------
探测结果文件：new_201611270353.txt
程序开始运行时间:2016-11-27 03:53:24.088763
程序结束运行时间:2016-11-27 03:53:43.412735
程序运行时间(seconds)：19
程序运行时间(minutes)：0.32
------------------------------------------------------------------------------------------------
探测结果文件：new_201611270358.txt
程序开始运行时间:2016-11-27 03:58:43.437413
程序结束运行时间:2016-11-27 03:59:01.787274
程序运行时间(seconds)：18
程序运行时间(minutes)：0.3
------------------------------------------------------------------------------------------------
探测结果文件：new_201611270404.txt
程序开始运行时间:2016-11-27 04:04:01.811575
程序结束运行时间:2016-11-27 04:04:20.042773
程序运行时间(seconds)：18
程序运行时间(minutes)：0.3
------------------------------------------------------------------------------------------------
探测结果文件：new_201611270409.txt
程序开始运行时间:2016-11-27 04:09:20.068903
程序结束运行时间:2016-11-27 04:09:38.353712
程序运行时间(seconds)：18
程序运行时间(minutes)：0.3
------------------------------------------------------------------------------------------------
探测结果文件：new_201611270414.txt
程序开始运行时间:2016-11-27 04:14:38.382395
程序结束运行时间:2016-11-27 04:14:56.943090
程序运行时间(seconds)：18
程序运行时间(minutes)：0.3
------------------------------------------------------------------------------------------------
探测结果文件：new_201611270419.txt
程序开始运行时间:2016-11-27 04:19:56.969812
程序结束运行时间:2016-11-27 04:20:15.165515
程序运行时间(seconds)：18
程序运行时间(minutes)：0.3
------------------------------------------------------------------------------------------------
探测结果文件：new_201611270425.txt
程序开始运行时间:2016-11-27 04:25:15.191253
程序结束运行时间:2016-11-27 04:25:33.600550
程序运行时间(seconds)：18
程序运行时间(minutes)：0.3
------------------------------------------------------------------------------------------------
探测结果文件：new_201611270430.txt
程序开始运行时间:2016-11-27 04:30:33.626220
程序结束运行时间:2016-11-27 04:30:53.427564
程序运行时间(seconds)：19
程序运行时间(minutes)：0.32
------------------------------------------------------------------------------------------------
探测结果文件：new_201611270435.txt
程序开始运行时间:2016-11-27 04:35:53.452887
程序结束运行时间:2016-11-27 04:36:11.594354
程序运行时间(seconds)：18
程序运行时间(minutes)：0.3
------------------------------------------------------------------------------------------------
探测结果文件：new_201611270441.txt
程序开始运行时间:2016-11-27 04:41:11.618718
程序结束运行时间:2016-11-27 04:41:29.819859
程序运行时间(seconds)：18
程序运行时间(minutes)：0.3
------------------------------------------------------------------------------------------------
探测结果文件：new_201611270446.txt
程序开始运行时间:2016-11-27 04:46:29.843789
程序结束运行时间:2016-11-27 04:46:50.502270
程序运行时间(seconds)：20
程序运行时间(minutes)：0.33
------------------------------------------------------------------------------------------------
探测结果文件：new_201611270451.txt
程序开始运行时间:2016-11-27 04:51:50.528303
程序结束运行时间:2016-11-27 04:52:08.798907
程序运行时间(seconds)：18
程序运行时间(minutes)：0.3
------------------------------------------------------------------------------------------------
探测结果文件：new_201611270457.txt
程序开始运行时间:2016-11-27 04:57:08.823717
程序结束运行时间:2016-11-27 04:57:26.941513
程序运行时间(seconds)：18
程序运行时间(minutes)：0.3
------------------------------------------------------------------------------------------------
探测结果文件：new_201611270502.txt
程序开始运行时间:2016-11-27 05:02:26.970490
程序结束运行时间:2016-11-27 05:02:45.102646
程序运行时间(seconds)：18
程序运行时间(minutes)：0.3
------------------------------------------------------------------------------------------------
探测结果文件：new_201611270507.txt
程序开始运行时间:2016-11-27 05:07:45.132139
程序结束运行时间:2016-11-27 05:08:04.476171
程序运行时间(seconds)：19
程序运行时间(minutes)：0.32
------------------------------------------------------------------------------------------------
探测结果文件：new_201611270513.txt
程序开始运行时间:2016-11-27 05:13:04.501175
程序结束运行时间:2016-11-27 05:13:24.348849
程序运行时间(seconds)：19
程序运行时间(minutes)：0.32
------------------------------------------------------------------------------------------------
探测结果文件：new_201611270518.txt
程序开始运行时间:2016-11-27 05:18:24.373917
程序结束运行时间:2016-11-27 05:18:42.930584
程序运行时间(seconds)：18
程序运行时间(minutes)：0.3
------------------------------------------------------------------------------------------------
探测结果文件：new_201611270523.txt
程序开始运行时间:2016-11-27 05:23:42.955256
程序结束运行时间:2016-11-27 05:24:01.402454
程序运行时间(seconds)：18
程序运行时间(minutes)：0.3
------------------------------------------------------------------------------------------------
探测结果文件：new_201611270529.txt
程序开始运行时间:2016-11-27 05:29:01.428043
程序结束运行时间:2016-11-27 05:29:19.875342
程序运行时间(seconds)：18
程序运行时间(minutes)：0.3
------------------------------------------------------------------------------------------------
探测结果文件：new_201611270534.txt
程序开始运行时间:2016-11-27 05:34:19.900094
程序结束运行时间:2016-11-27 05:34:38.347519
程序运行时间(seconds)：18
程序运行时间(minutes)：0.3
------------------------------------------------------------------------------------------------
探测结果文件：new_201611270539.txt
程序开始运行时间:2016-11-27 05:39:38.372326
程序结束运行时间:2016-11-27 05:39:58.174597
程序运行时间(seconds)：19
程序运行时间(minutes)：0.32
------------------------------------------------------------------------------------------------
探测结果文件：new_201611270544.txt
程序开始运行时间:2016-11-27 05:44:58.198827
程序结束运行时间:2016-11-27 05:45:16.722435
程序运行时间(seconds)：18
程序运行时间(minutes)：0.3
------------------------------------------------------------------------------------------------
探测结果文件：new_201611270550.txt
程序开始运行时间:2016-11-27 05:50:16.751079
程序结束运行时间:2016-11-27 05:50:35.189192
程序运行时间(seconds)：18
程序运行时间(minutes)：0.3
------------------------------------------------------------------------------------------------
探测结果文件：new_201611270555.txt
程序开始运行时间:2016-11-27 05:55:35.215130
程序结束运行时间:2016-11-27 05:55:53.676502
程序运行时间(seconds)：18
程序运行时间(minutes)：0.3
------------------------------------------------------------------------------------------------
探测结果文件：new_201611270600.txt
程序开始运行时间:2016-11-27 06:00:53.701563
程序结束运行时间:2016-11-27 06:01:13.281731
程序运行时间(seconds)：19
程序运行时间(minutes)：0.32
------------------------------------------------------------------------------------------------
探测结果文件：new_201611270606.txt
程序开始运行时间:2016-11-27 06:06:13.308459
程序结束运行时间:2016-11-27 06:06:31.708824
程序运行时间(seconds)：18
程序运行时间(minutes)：0.3
------------------------------------------------------------------------------------------------
探测结果文件：new_201611270611.txt
程序开始运行时间:2016-11-27 06:11:31.733168
程序结束运行时间:2016-11-27 06:11:49.966686
程序运行时间(seconds)：18
程序运行时间(minutes)：0.3
------------------------------------------------------------------------------------------------
探测结果文件：new_201611270616.txt
程序开始运行时间:2016-11-27 06:16:49.992758
程序结束运行时间:2016-11-27 06:17:09.768085
程序运行时间(seconds)：19
程序运行时间(minutes)：0.32
------------------------------------------------------------------------------------------------
探测结果文件：new_201611270622.txt
程序开始运行时间:2016-11-27 06:22:09.795473
程序结束运行时间:2016-11-27 06:22:29.117074
程序运行时间(seconds)：19
程序运行时间(minutes)：0.32
------------------------------------------------------------------------------------------------
探测结果文件：new_201611270627.txt
程序开始运行时间:2016-11-27 06:27:29.142153
程序结束运行时间:2016-11-27 06:27:47.339524
程序运行时间(seconds)：18
程序运行时间(minutes)：0.3
------------------------------------------------------------------------------------------------
探测结果文件：new_201611270632.txt
程序开始运行时间:2016-11-27 06:32:47.364435
程序结束运行时间:2016-11-27 06:33:05.515479
程序运行时间(seconds)：18
程序运行时间(minutes)：0.3
------------------------------------------------------------------------------------------------
探测结果文件：new_201611270638.txt
程序开始运行时间:2016-11-27 06:38:05.540124
程序结束运行时间:2016-11-27 06:38:23.761613
程序运行时间(seconds)：18
程序运行时间(minutes)：0.3
------------------------------------------------------------------------------------------------
探测结果文件：new_201611270643.txt
程序开始运行时间:2016-11-27 06:43:23.788311
程序结束运行时间:2016-11-27 06:43:41.911373
程序运行时间(seconds)：18
程序运行时间(minutes)：0.3
------------------------------------------------------------------------------------------------
探测结果文件：new_201611270648.txt
程序开始运行时间:2016-11-27 06:48:41.937104
程序结束运行时间:2016-11-27 06:49:00.121541
程序运行时间(seconds)：18
程序运行时间(minutes)：0.3
------------------------------------------------------------------------------------------------
探测结果文件：new_201611270654.txt
程序开始运行时间:2016-11-27 06:54:00.148767
程序结束运行时间:2016-11-27 06:54:18.323342
程序运行时间(seconds)：18
程序运行时间(minutes)：0.3
------------------------------------------------------------------------------------------------
探测结果文件：new_201611270659.txt
程序开始运行时间:2016-11-27 06:59:18.347649
程序结束运行时间:2016-11-27 06:59:37.837118
程序运行时间(seconds)：19
程序运行时间(minutes)：0.32
------------------------------------------------------------------------------------------------
探测结果文件：new_201611270704.txt
程序开始运行时间:2016-11-27 07:04:37.862891
程序结束运行时间:2016-11-27 07:04:55.993756
程序运行时间(seconds)：18
程序运行时间(minutes)：0.3
------------------------------------------------------------------------------------------------
探测结果文件：new_201611270709.txt
程序开始运行时间:2016-11-27 07:09:56.023194
程序结束运行时间:2016-11-27 07:10:14.189217
程序运行时间(seconds)：18
程序运行时间(minutes)：0.3
------------------------------------------------------------------------------------------------
探测结果文件：new_201611270715.txt
程序开始运行时间:2016-11-27 07:15:14.297177
程序结束运行时间:2016-11-27 07:15:32.428180
程序运行时间(seconds)：18
程序运行时间(minutes)：0.3
------------------------------------------------------------------------------------------------
探测结果文件：new_201611270720.txt
程序开始运行时间:2016-11-27 07:20:32.454016
程序结束运行时间:2016-11-27 07:20:50.708463
程序运行时间(seconds)：18
程序运行时间(minutes)：0.3
------------------------------------------------------------------------------------------------
探测结果文件：new_201611270725.txt
程序开始运行时间:2016-11-27 07:25:50.734442
程序结束运行时间:2016-11-27 07:26:09.004425
程序运行时间(seconds)：18
程序运行时间(minutes)：0.3
------------------------------------------------------------------------------------------------
探测结果文件：new_201611270731.txt
程序开始运行时间:2016-11-27 07:31:09.028971
程序结束运行时间:2016-11-27 07:31:27.316566
程序运行时间(seconds)：18
程序运行时间(minutes)：0.3
------------------------------------------------------------------------------------------------
探测结果文件：new_201611270736.txt
程序开始运行时间:2016-11-27 07:36:27.342058
程序结束运行时间:2016-11-27 07:36:45.484307
程序运行时间(seconds)：18
程序运行时间(minutes)：0.3
------------------------------------------------------------------------------------------------
探测结果文件：new_201611270741.txt
程序开始运行时间:2016-11-27 07:41:45.509449
程序结束运行时间:2016-11-27 07:42:05.221070
程序运行时间(seconds)：19
程序运行时间(minutes)：0.32
------------------------------------------------------------------------------------------------
探测结果文件：new_201611270747.txt
程序开始运行时间:2016-11-27 07:47:05.248225
程序结束运行时间:2016-11-27 07:47:26.043017
程序运行时间(seconds)：20
程序运行时间(minutes)：0.33
------------------------------------------------------------------------------------------------
探测结果文件：new_201611270752.txt
程序开始运行时间:2016-11-27 07:52:26.069286
程序结束运行时间:2016-11-27 07:52:44.644798
程序运行时间(seconds)：18
程序运行时间(minutes)：0.3
------------------------------------------------------------------------------------------------
探测结果文件：new_201611270757.txt
程序开始运行时间:2016-11-27 07:57:44.670562
程序结束运行时间:2016-11-27 07:58:02.962638
程序运行时间(seconds)：18
程序运行时间(minutes)：0.3
------------------------------------------------------------------------------------------------
探测结果文件：new_201611270803.txt
程序开始运行时间:2016-11-27 08:03:02.988468
程序结束运行时间:2016-11-27 08:03:21.341072
程序运行时间(seconds)：18
程序运行时间(minutes)：0.3
------------------------------------------------------------------------------------------------
探测结果文件：new_201611270808.txt
程序开始运行时间:2016-11-27 08:08:21.370482
程序结束运行时间:2016-11-27 08:08:39.627015
程序运行时间(seconds)：18
程序运行时间(minutes)：0.3
------------------------------------------------------------------------------------------------
探测结果文件：new_201611270813.txt
程序开始运行时间:2016-11-27 08:13:39.654272
程序结束运行时间:2016-11-27 08:13:58.737879
程序运行时间(seconds)：19
程序运行时间(minutes)：0.32
------------------------------------------------------------------------------------------------
探测结果文件：new_201611270818.txt
程序开始运行时间:2016-11-27 08:18:58.764294
程序结束运行时间:2016-11-27 08:19:17.204149
程序运行时间(seconds)：18
程序运行时间(minutes)：0.3
------------------------------------------------------------------------------------------------
探测结果文件：new_201611270824.txt
程序开始运行时间:2016-11-27 08:24:17.237716
程序结束运行时间:2016-11-27 08:24:35.415333
程序运行时间(seconds)：18
程序运行时间(minutes)：0.3
------------------------------------------------------------------------------------------------
探测结果文件：new_201611270829.txt
程序开始运行时间:2016-11-27 08:29:35.440773
程序结束运行时间:2016-11-27 08:29:53.699080
程序运行时间(seconds)：18
程序运行时间(minutes)：0.3
------------------------------------------------------------------------------------------------
探测结果文件：new_201611270834.txt
程序开始运行时间:2016-11-27 08:34:53.725379
程序结束运行时间:2016-11-27 08:35:12.203417
程序运行时间(seconds)：18
程序运行时间(minutes)：0.3
------------------------------------------------------------------------------------------------
探测结果文件：new_201611270840.txt
程序开始运行时间:2016-11-27 08:40:12.229245
程序结束运行时间:2016-11-27 08:40:31.134472
程序运行时间(seconds)：18
程序运行时间(minutes)：0.3
------------------------------------------------------------------------------------------------
探测结果文件：new_201611270845.txt
程序开始运行时间:2016-11-27 08:45:31.160986
程序结束运行时间:2016-11-27 08:45:49.928324
程序运行时间(seconds)：18
程序运行时间(minutes)：0.3
------------------------------------------------------------------------------------------------
探测结果文件：new_201611270850.txt
程序开始运行时间:2016-11-27 08:50:49.953847
程序结束运行时间:2016-11-27 08:51:10.237630
程序运行时间(seconds)：20
程序运行时间(minutes)：0.33
------------------------------------------------------------------------------------------------
探测结果文件：new_201611270856.txt
程序开始运行时间:2016-11-27 08:56:10.262273
程序结束运行时间:2016-11-27 08:56:28.424216
程序运行时间(seconds)：18
程序运行时间(minutes)：0.3
------------------------------------------------------------------------------------------------
探测结果文件：new_201611270901.txt
程序开始运行时间:2016-11-27 09:01:28.448882
程序结束运行时间:2016-11-27 09:01:46.978143
程序运行时间(seconds)：18
程序运行时间(minutes)：0.3
------------------------------------------------------------------------------------------------
探测结果文件：new_201611270906.txt
程序开始运行时间:2016-11-27 09:06:47.004726
程序结束运行时间:2016-11-27 09:07:05.229501
程序运行时间(seconds)：18
程序运行时间(minutes)：0.3
------------------------------------------------------------------------------------------------
探测结果文件：new_201611270912.txt
程序开始运行时间:2016-11-27 09:12:05.255053
程序结束运行时间:2016-11-27 09:12:23.957692
程序运行时间(seconds)：18
程序运行时间(minutes)：0.3
------------------------------------------------------------------------------------------------
探测结果文件：new_201611270917.txt
程序开始运行时间:2016-11-27 09:17:23.983494
程序结束运行时间:2016-11-27 09:17:42.611619
程序运行时间(seconds)：18
程序运行时间(minutes)：0.3
------------------------------------------------------------------------------------------------
探测结果文件：new_201611270922.txt
程序开始运行时间:2016-11-27 09:22:42.638288
程序结束运行时间:2016-11-27 09:23:00.913851
程序运行时间(seconds)：18
程序运行时间(minutes)：0.3
------------------------------------------------------------------------------------------------
探测结果文件：new_201611270928.txt
程序开始运行时间:2016-11-27 09:28:00.946240
程序结束运行时间:2016-11-27 09:28:19.576598
程序运行时间(seconds)：18
程序运行时间(minutes)：0.3
------------------------------------------------------------------------------------------------
探测结果文件：new_201611270933.txt
程序开始运行时间:2016-11-27 09:33:19.602700
程序结束运行时间:2016-11-27 09:33:38.505994
程序运行时间(seconds)：18
程序运行时间(minutes)：0.3
------------------------------------------------------------------------------------------------
探测结果文件：new_201611270938.txt
程序开始运行时间:2016-11-27 09:38:38.533514
程序结束运行时间:2016-11-27 09:38:56.647682
程序运行时间(seconds)：18
程序运行时间(minutes)：0.3
------------------------------------------------------------------------------------------------
探测结果文件：new_201611270943.txt
程序开始运行时间:2016-11-27 09:43:56.673661
程序结束运行时间:2016-11-27 09:44:15.655201
程序运行时间(seconds)：18
程序运行时间(minutes)：0.3
------------------------------------------------------------------------------------------------
探测结果文件：new_201611270949.txt
程序开始运行时间:2016-11-27 09:49:15.680600
程序结束运行时间:2016-11-27 09:49:33.909869
程序运行时间(seconds)：18
程序运行时间(minutes)：0.3
------------------------------------------------------------------------------------------------
探测结果文件：new_201611270954.txt
程序开始运行时间:2016-11-27 09:54:33.935450
程序结束运行时间:2016-11-27 09:54:52.054267
程序运行时间(seconds)：18
程序运行时间(minutes)：0.3
------------------------------------------------------------------------------------------------
探测结果文件：new_201611270959.txt
程序开始运行时间:2016-11-27 09:59:52.081791
程序结束运行时间:2016-11-27 10:00:10.642890
程序运行时间(seconds)：18
程序运行时间(minutes)：0.3
------------------------------------------------------------------------------------------------
探测结果文件：new_201611271005.txt
程序开始运行时间:2016-11-27 10:05:10.671702
程序结束运行时间:2016-11-27 10:05:29.163701
程序运行时间(seconds)：18
程序运行时间(minutes)：0.3
------------------------------------------------------------------------------------------------
探测结果文件：new_201611271010.txt
程序开始运行时间:2016-11-27 10:10:29.190212
程序结束运行时间:2016-11-27 10:10:47.336476
程序运行时间(seconds)：18
程序运行时间(minutes)：0.3
------------------------------------------------------------------------------------------------
探测结果文件：new_201611271015.txt
程序开始运行时间:2016-11-27 10:15:47.362632
程序结束运行时间:2016-11-27 10:16:05.712725
程序运行时间(seconds)：18
程序运行时间(minutes)：0.3
------------------------------------------------------------------------------------------------
探测结果文件：new_201611271021.txt
程序开始运行时间:2016-11-27 10:21:05.738829
程序结束运行时间:2016-11-27 10:21:24.604899
程序运行时间(seconds)：18
程序运行时间(minutes)：0.3
------------------------------------------------------------------------------------------------
探测结果文件：new_201611271026.txt
程序开始运行时间:2016-11-27 10:26:24.632873
程序结束运行时间:2016-11-27 10:26:43.133477
程序运行时间(seconds)：18
程序运行时间(minutes)：0.3
------------------------------------------------------------------------------------------------
探测结果文件：new_201611271031.txt
程序开始运行时间:2016-11-27 10:31:43.158612
程序结束运行时间:2016-11-27 10:32:02.800879
程序运行时间(seconds)：19
程序运行时间(minutes)：0.32
------------------------------------------------------------------------------------------------
探测结果文件：new_201611271037.txt
程序开始运行时间:2016-11-27 10:37:02.827168
程序结束运行时间:2016-11-27 10:37:20.985299
程序运行时间(seconds)：18
程序运行时间(minutes)：0.3
------------------------------------------------------------------------------------------------
探测结果文件：new_201611271042.txt
程序开始运行时间:2016-11-27 10:42:21.013870
程序结束运行时间:2016-11-27 10:42:39.498374
程序运行时间(seconds)：18
程序运行时间(minutes)：0.3
------------------------------------------------------------------------------------------------
探测结果文件：new_201611271047.txt
程序开始运行时间:2016-11-27 10:47:39.525124
程序结束运行时间:2016-11-27 10:47:59.405005
程序运行时间(seconds)：19
程序运行时间(minutes)：0.32
------------------------------------------------------------------------------------------------
探测结果文件：new_201611271052.txt
程序开始运行时间:2016-11-27 10:52:59.430985
程序结束运行时间:2016-11-27 10:53:19.702870
程序运行时间(seconds)：20
程序运行时间(minutes)：0.33
------------------------------------------------------------------------------------------------
探测结果文件：new_201611271058.txt
程序开始运行时间:2016-11-27 10:58:19.728167
程序结束运行时间:2016-11-27 10:58:38.656292
程序运行时间(seconds)：18
程序运行时间(minutes)：0.3
------------------------------------------------------------------------------------------------
探测结果文件：new_201611271103.txt
程序开始运行时间:2016-11-27 11:03:38.682154
程序结束运行时间:2016-11-27 11:03:56.939269
程序运行时间(seconds)：18
程序运行时间(minutes)：0.3
------------------------------------------------------------------------------------------------
探测结果文件：new_201611271108.txt
程序开始运行时间:2016-11-27 11:08:56.965535
程序结束运行时间:2016-11-27 11:09:15.173873
程序运行时间(seconds)：18
程序运行时间(minutes)：0.3
------------------------------------------------------------------------------------------------
探测结果文件：new_201611271114.txt
程序开始运行时间:2016-11-27 11:14:15.199185
程序结束运行时间:2016-11-27 11:14:33.881755
程序运行时间(seconds)：18
程序运行时间(minutes)：0.3
------------------------------------------------------------------------------------------------
探测结果文件：new_201611271119.txt
程序开始运行时间:2016-11-27 11:19:33.910526
程序结束运行时间:2016-11-27 11:19:52.481976
程序运行时间(seconds)：18
程序运行时间(minutes)：0.3
------------------------------------------------------------------------------------------------
探测结果文件：new_201611271124.txt
程序开始运行时间:2016-11-27 11:24:52.506718
程序结束运行时间:2016-11-27 11:25:12.395854
程序运行时间(seconds)：19
程序运行时间(minutes)：0.32
------------------------------------------------------------------------------------------------
探测结果文件：new_201611271130.txt
程序开始运行时间:2016-11-27 11:30:12.423461
程序结束运行时间:2016-11-27 11:30:30.885921
程序运行时间(seconds)：18
程序运行时间(minutes)：0.3
------------------------------------------------------------------------------------------------
探测结果文件：new_201611271135.txt
程序开始运行时间:2016-11-27 11:35:30.914043
程序结束运行时间:2016-11-27 11:35:50.501750
程序运行时间(seconds)：19
程序运行时间(minutes)：0.32
------------------------------------------------------------------------------------------------
探测结果文件：new_201611271140.txt
程序开始运行时间:2016-11-27 11:40:50.526351
程序结束运行时间:2016-11-27 11:41:11.352183
程序运行时间(seconds)：20
程序运行时间(minutes)：0.33
------------------------------------------------------------------------------------------------
探测结果文件：new_201611271146.txt
程序开始运行时间:2016-11-27 11:46:11.376733
程序结束运行时间:2016-11-27 11:46:29.484422
程序运行时间(seconds)：18
程序运行时间(minutes)：0.3
------------------------------------------------------------------------------------------------
探测结果文件：new_201611271151.txt
程序开始运行时间:2016-11-27 11:51:29.511140
程序结束运行时间:2016-11-27 11:51:49.497343
程序运行时间(seconds)：19
程序运行时间(minutes)：0.32
------------------------------------------------------------------------------------------------
探测结果文件：new_201611271156.txt
程序开始运行时间:2016-11-27 11:56:49.523321
程序结束运行时间:2016-11-27 11:57:09.311172
程序运行时间(seconds)：19
程序运行时间(minutes)：0.32
------------------------------------------------------------------------------------------------
探测结果文件：new_201611271202.txt
程序开始运行时间:2016-11-27 12:02:09.335841
程序结束运行时间:2016-11-27 12:02:28.967216
程序运行时间(seconds)：19
程序运行时间(minutes)：0.32
------------------------------------------------------------------------------------------------
探测结果文件：new_201611271207.txt
程序开始运行时间:2016-11-27 12:07:28.993968
程序结束运行时间:2016-11-27 12:07:47.161184
程序运行时间(seconds)：18
程序运行时间(minutes)：0.3
------------------------------------------------------------------------------------------------
探测结果文件：new_201611271212.txt
程序开始运行时间:2016-11-27 12:12:47.186644
程序结束运行时间:2016-11-27 12:13:07.021633
程序运行时间(seconds)：19
程序运行时间(minutes)：0.32
------------------------------------------------------------------------------------------------
探测结果文件：new_201611271218.txt
程序开始运行时间:2016-11-27 12:18:07.045858
程序结束运行时间:2016-11-27 12:18:25.436895
程序运行时间(seconds)：18
程序运行时间(minutes)：0.3
------------------------------------------------------------------------------------------------
探测结果文件：new_201611271223.txt
程序开始运行时间:2016-11-27 12:23:25.464617
程序结束运行时间:2016-11-27 12:23:43.641917
程序运行时间(seconds)：18
程序运行时间(minutes)：0.3
------------------------------------------------------------------------------------------------
探测结果文件：new_201611271228.txt
程序开始运行时间:2016-11-27 12:28:43.666581
程序结束运行时间:2016-11-27 12:29:01.922872
程序运行时间(seconds)：18
程序运行时间(minutes)：0.3
------------------------------------------------------------------------------------------------
探测结果文件：new_201611271234.txt
程序开始运行时间:2016-11-27 12:34:01.951189
程序结束运行时间:2016-11-27 12:34:22.867513
程序运行时间(seconds)：20
程序运行时间(minutes)：0.33
------------------------------------------------------------------------------------------------
探测结果文件：new_201611271239.txt
程序开始运行时间:2016-11-27 12:39:22.893642
程序结束运行时间:2016-11-27 12:39:41.048357
程序运行时间(seconds)：18
程序运行时间(minutes)：0.3
------------------------------------------------------------------------------------------------
探测结果文件：new_201611271244.txt
程序开始运行时间:2016-11-27 12:44:41.073404
程序结束运行时间:2016-11-27 12:44:59.588508
程序运行时间(seconds)：18
程序运行时间(minutes)：0.3
------------------------------------------------------------------------------------------------
探测结果文件：new_201611271249.txt
程序开始运行时间:2016-11-27 12:49:59.614699
程序结束运行时间:2016-11-27 12:50:17.755922
程序运行时间(seconds)：18
程序运行时间(minutes)：0.3
------------------------------------------------------------------------------------------------
探测结果文件：new_201611271255.txt
程序开始运行时间:2016-11-27 12:55:17.780634
程序结束运行时间:2016-11-27 12:55:35.932912
程序运行时间(seconds)：18
程序运行时间(minutes)：0.3
------------------------------------------------------------------------------------------------
探测结果文件：new_201611271300.txt
程序开始运行时间:2016-11-27 13:00:35.958857
程序结束运行时间:2016-11-27 13:00:53.650082
程序运行时间(seconds)：17
程序运行时间(minutes)：0.28
------------------------------------------------------------------------------------------------
探测结果文件：new_201611271305.txt
程序开始运行时间:2016-11-27 13:05:53.675784
程序结束运行时间:2016-11-27 13:06:13.285151
程序运行时间(seconds)：19
程序运行时间(minutes)：0.32
------------------------------------------------------------------------------------------------
探测结果文件：new_201611271311.txt
程序开始运行时间:2016-11-27 13:11:13.314848
程序结束运行时间:2016-11-27 13:11:31.983360
程序运行时间(seconds)：18
程序运行时间(minutes)：0.3
------------------------------------------------------------------------------------------------
探测结果文件：root_1_201612021938.txt
Sent package num :1
共探测IP数量：5000000
共得到DNS数量：2837
程序开始运行时间:2016-12-02 19:38:02.673431
程序结束运行时间:2016-12-02 20:53:15.807444
程序运行时间(seconds)：4513
程序运行时间(minutes)：75.22
------------------------------------------------------------------------------------------------
探测结果文件：ip_list_201612061000.txt
Sent package num :1
共探测IP数量：5000000
共得到DNS数量：5130
程序开始运行时间:2016-12-06 10:00:07.505393
程序结束运行时间:2016-12-06 12:57:27.384490
程序运行时间(seconds)：10639
程序运行时间(minutes)：177.32
------------------------------------------------------------------------------------------------
探测结果文件：ip_list_201612071041.txt
Sent package num :300
共探测IP数量：5000000
共得到DNS数量：4657
程序开始运行时间:2016-12-07 10:41:14.162818
程序结束运行时间:2016-12-07 10:43:20.503763
程序运行时间(seconds)：126
程序运行时间(minutes)：2.1
------------------------------------------------------------------------------------------------
